<?xml version="1.0" encoding="UTF-8"?>
<testng-results ignored="0" total="2" passed="2" failed="0" skipped="0">
  <reporter-output>
  </reporter-output>
  <suite started-at="2021-01-13T11:41:35 GMT" name="Default suite" finished-at="2021-01-13T11:41:35 GMT" duration-ms="44">
    <groups>
    </groups>
    <test started-at="2021-01-13T11:41:35 GMT" name="Default test" finished-at="2021-01-13T11:41:35 GMT" duration-ms="44">
      <class name="demo_package.Demo1">
        <test-method is-config="true" signature="beforeSuite()[pri:0, instance:demo_package.Demo1@1d082e88]" started-at="2021-01-13T11:41:35 GMT" name="beforeSuite" finished-at="2021-01-13T11:41:35 GMT" duration-ms="9" status="PASS">
          <reporter-output>
          </reporter-output>
        </test-method> <!-- beforeSuite -->
        <test-method is-config="true" signature="beforeTest()[pri:0, instance:demo_package.Demo1@1d082e88]" started-at="2021-01-13T11:41:35 GMT" name="beforeTest" finished-at="2021-01-13T11:41:35 GMT" duration-ms="0" status="PASS">
          <reporter-output>
          </reporter-output>
        </test-method> <!-- beforeTest -->
        <test-method is-config="true" signature="beforeClass()[pri:0, instance:demo_package.Demo1@1d082e88]" started-at="2021-01-13T11:41:35 GMT" name="beforeClass" finished-at="2021-01-13T11:41:35 GMT" duration-ms="1" status="PASS">
          <reporter-output>
          </reporter-output>
        </test-method> <!-- beforeClass -->
        <test-method is-config="true" signature="beforeMethod()[pri:0, instance:demo_package.Demo1@1d082e88]" started-at="2021-01-13T11:41:35 GMT" name="beforeMethod" finished-at="2021-01-13T11:41:35 GMT" duration-ms="1" status="PASS">
          <reporter-output>
          </reporter-output>
        </test-method> <!-- beforeMethod -->
        <test-method signature="testCase1()[pri:0, instance:demo_package.Demo1@1d082e88]" started-at="2021-01-13T11:41:35 GMT" name="testCase1" finished-at="2021-01-13T11:41:35 GMT" duration-ms="5" status="PASS">
          <reporter-output>
          </reporter-output>
        </test-method> <!-- testCase1 -->
        <test-method is-config="true" signature="afterMethod()[pri:0, instance:demo_package.Demo1@1d082e88]" started-at="2021-01-13T11:41:35 GMT" name="afterMethod" finished-at="2021-01-13T11:41:35 GMT" duration-ms="0" status="PASS">
          <reporter-output>
          </reporter-output>
        </test-method> <!-- afterMethod -->
        <test-method signature="testCase2()[pri:0, instance:demo_package.Demo1@1d082e88]" started-at="2021-01-13T11:41:35 GMT" name="testCase2" finished-at="2021-01-13T11:41:35 GMT" duration-ms="1" status="PASS">
          <reporter-output>
          </reporter-output>
        </test-method> <!-- testCase2 -->
        <test-method is-config="true" signature="beforeMethod()[pri:0, instance:demo_package.Demo1@1d082e88]" started-at="2021-01-13T11:41:35 GMT" name="beforeMethod" finished-at="2021-01-13T11:41:35 GMT" duration-ms="0" status="PASS">
          <reporter-output>
          </reporter-output>
        </test-method> <!-- beforeMethod -->
        <test-method is-config="true" signature="afterMethod()[pri:0, instance:demo_package.Demo1@1d082e88]" started-at="2021-01-13T11:41:35 GMT" name="afterMethod" finished-at="2021-01-13T11:41:35 GMT" duration-ms="0" status="PASS">
          <reporter-output>
          </reporter-output>
        </test-method> <!-- afterMethod -->
        <test-method is-config="true" signature="afterClass()[pri:0, instance:demo_package.Demo1@1d082e88]" started-at="2021-01-13T11:41:35 GMT" name="afterClass" finished-at="2021-01-13T11:41:35 GMT" duration-ms="0" status="PASS">
          <reporter-output>
          </reporter-output>
        </test-method> <!-- afterClass -->
        <test-method is-config="true" signature="afterTest()[pri:0, instance:demo_package.Demo1@1d082e88]" started-at="2021-01-13T11:41:35 GMT" name="afterTest" finished-at="2021-01-13T11:41:35 GMT" duration-ms="0" status="PASS">
          <reporter-output>
          </reporter-output>
        </test-method> <!-- afterTest -->
        <test-method is-config="true" signature="afterSuite()[pri:0, instance:demo_package.Demo1@1d082e88]" started-at="2021-01-13T11:41:35 GMT" name="afterSuite" finished-at="2021-01-13T11:41:35 GMT" duration-ms="1" status="PASS">
          <reporter-output>
          </reporter-output>
        </test-method> <!-- afterSuite -->
      </class> <!-- demo_package.Demo1 -->
    </test> <!-- Default test -->
  </suite> <!-- Default suite -->
</testng-results>
